#! /usr/bin/vvp
:ivl_version "11.0 (stable)";
:ivl_delay_selection "TYPICAL";
:vpi_time_precision + 0;
:vpi_module "/usr/lib/x86_64-linux-gnu/ivl/system.vpi";
:vpi_module "/usr/lib/x86_64-linux-gnu/ivl/vhdl_sys.vpi";
:vpi_module "/usr/lib/x86_64-linux-gnu/ivl/vhdl_textio.vpi";
:vpi_module "/usr/lib/x86_64-linux-gnu/ivl/v2005_math.vpi";
:vpi_module "/usr/lib/x86_64-linux-gnu/ivl/va_math.vpi";
S_0x55aebacfec70 .scope module, "ALU_tb" "ALU_tb" 2 1;
 .timescale 0 0;
v0x55aebad2ead0_0 .var "Alu_Add", 0 0;
v0x55aebad2eb90_0 .var "Alu_Mul", 0 0;
v0x55aebad2ec30_0 .net "Alu_Out", 5 0, v0x55aebad2e5a0_0;  1 drivers
v0x55aebad2ed30_0 .var "Alu_Pass", 0 0;
v0x55aebad2ee00_0 .var "Alu_Sub", 0 0;
v0x55aebad2eef0_0 .var "Reg1_Out", 5 0;
v0x55aebad2efc0_0 .var "Reg2_Out", 5 0;
v0x55aebad2f090_0 .var/i "file", 31 0;
v0x55aebad2f130_0 .var/i "operation", 31 0;
v0x55aebad2f1d0_0 .var/i "test", 31 0;
S_0x55aebacd6d90 .scope module, "arithmetic_logic_unit" "ALU" 2 25, 3 2 0, S_0x55aebacfec70;
 .timescale 0 0;
    .port_info 0 /INPUT 1 "Alu_Add";
    .port_info 1 /INPUT 1 "Alu_Sub";
    .port_info 2 /INPUT 1 "Alu_Mul";
    .port_info 3 /INPUT 1 "Alu_Pass";
    .port_info 4 /INPUT 6 "Reg1_Out";
    .port_info 5 /INPUT 6 "Reg2_Out";
    .port_info 6 /OUTPUT 6 "Alu_Out";
v0x55aebacd87b0_0 .net "Alu_Add", 0 0, v0x55aebad2ead0_0;  1 drivers
v0x55aebacd8ba0_0 .net "Alu_Mul", 0 0, v0x55aebad2eb90_0;  1 drivers
v0x55aebad2e5a0_0 .var "Alu_Out", 5 0;
v0x55aebad2e660_0 .net "Alu_Pass", 0 0, v0x55aebad2ed30_0;  1 drivers
v0x55aebad2e720_0 .net "Alu_Sub", 0 0, v0x55aebad2ee00_0;  1 drivers
v0x55aebad2e830_0 .net "Reg1_Out", 5 0, v0x55aebad2eef0_0;  1 drivers
v0x55aebad2e910_0 .net "Reg2_Out", 5 0, v0x55aebad2efc0_0;  1 drivers
E_0x55aebad17990/0 .event edge, v0x55aebacd87b0_0, v0x55aebad2e830_0, v0x55aebad2e910_0, v0x55aebad2e720_0;
E_0x55aebad17990/1 .event edge, v0x55aebacd8ba0_0, v0x55aebad2e660_0;
E_0x55aebad17990 .event/or E_0x55aebad17990/0, E_0x55aebad17990/1;
    .scope S_0x55aebacd6d90;
T_0 ;
    %wait E_0x55aebad17990;
    %load/vec4 v0x55aebacd87b0_0;
    %flag_set/vec4 8;
    %jmp/0xz  T_0.0, 8;
    %load/vec4 v0x55aebad2e830_0;
    %load/vec4 v0x55aebad2e910_0;
    %add;
    %store/vec4 v0x55aebad2e5a0_0, 0, 6;
    %jmp T_0.1;
T_0.0 ;
    %load/vec4 v0x55aebad2e720_0;
    %flag_set/vec4 8;
    %jmp/0xz  T_0.2, 8;
    %load/vec4 v0x55aebad2e830_0;
    %load/vec4 v0x55aebad2e910_0;
    %sub;
    %store/vec4 v0x55aebad2e5a0_0, 0, 6;
    %jmp T_0.3;
T_0.2 ;
    %load/vec4 v0x55aebacd8ba0_0;
    %flag_set/vec4 8;
    %jmp/0xz  T_0.4, 8;
    %load/vec4 v0x55aebad2e830_0;
    %load/vec4 v0x55aebad2e910_0;
    %mul;
    %store/vec4 v0x55aebad2e5a0_0, 0, 6;
    %jmp T_0.5;
T_0.4 ;
    %load/vec4 v0x55aebad2e660_0;
    %flag_set/vec4 8;
    %jmp/0xz  T_0.6, 8;
    %load/vec4 v0x55aebad2e910_0;
    %store/vec4 v0x55aebad2e5a0_0, 0, 6;
    %jmp T_0.7;
T_0.6 ;
    %pushi/vec4 0, 0, 6;
    %store/vec4 v0x55aebad2e5a0_0, 0, 6;
T_0.7 ;
T_0.5 ;
T_0.3 ;
T_0.1 ;
    %jmp T_0;
    .thread T_0, $push;
    .scope S_0x55aebacfec70;
T_1 ;
    %pushi/vec4 0, 0, 1;
    %store/vec4 v0x55aebad2ead0_0, 0, 1;
    %pushi/vec4 0, 0, 1;
    %store/vec4 v0x55aebad2ee00_0, 0, 1;
    %pushi/vec4 0, 0, 1;
    %store/vec4 v0x55aebad2eb90_0, 0, 1;
    %pushi/vec4 0, 0, 1;
    %store/vec4 v0x55aebad2ed30_0, 0, 1;
    %pushi/vec4 0, 0, 6;
    %store/vec4 v0x55aebad2eef0_0, 0, 6;
    %pushi/vec4 0, 0, 6;
    %store/vec4 v0x55aebad2efc0_0, 0, 6;
    %end;
    .thread T_1;
    .scope S_0x55aebacfec70;
T_2 ;
    %vpi_call 2 39 "$dumpfile", "Junk/ALU.vcd" {0 0 0};
    %vpi_call 2 40 "$dumpvars", 32'sb00000000000000000000000000000000, S_0x55aebacfec70 {0 0 0};
    %vpi_func 2 41 "$fopen" 32, "Results/ALU.r", "w" {0 0 0};
    %store/vec4 v0x55aebad2f090_0, 0, 32;
    %pushi/vec4 0, 0, 32;
    %store/vec4 v0x55aebad2f1d0_0, 0, 32;
T_2.0 ;
    %load/vec4 v0x55aebad2f1d0_0;
    %cmpi/s 64, 0, 32;
    %jmp/0xz T_2.1, 5;
    %vpi_func 2 43 "$urandom" 32 {0 0 0};
    %pushi/vec4 4, 0, 32;
    %mod;
    %store/vec4 v0x55aebad2f130_0, 0, 32;
    %load/vec4 v0x55aebad2f130_0;
    %cmpi/e 0, 0, 32;
    %jmp/0xz  T_2.2, 4;
    %pushi/vec4 1, 0, 1;
    %store/vec4 v0x55aebad2ead0_0, 0, 1;
    %jmp T_2.3;
T_2.2 ;
    %load/vec4 v0x55aebad2f130_0;
    %cmpi/e 1, 0, 32;
    %jmp/0xz  T_2.4, 4;
    %pushi/vec4 1, 0, 1;
    %store/vec4 v0x55aebad2ee00_0, 0, 1;
    %jmp T_2.5;
T_2.4 ;
    %load/vec4 v0x55aebad2f130_0;
    %cmpi/e 2, 0, 32;
    %jmp/0xz  T_2.6, 4;
    %pushi/vec4 1, 0, 1;
    %store/vec4 v0x55aebad2eb90_0, 0, 1;
    %jmp T_2.7;
T_2.6 ;
    %load/vec4 v0x55aebad2f130_0;
    %cmpi/e 3, 0, 32;
    %jmp/0xz  T_2.8, 4;
    %pushi/vec4 1, 0, 1;
    %store/vec4 v0x55aebad2ed30_0, 0, 1;
T_2.8 ;
T_2.7 ;
T_2.5 ;
T_2.3 ;
    %vpi_func 2 52 "$urandom" 32 {0 0 0};
    %pushi/vec4 65, 0, 32;
    %mod;
    %addi 0, 0, 32;
    %pad/u 6;
    %store/vec4 v0x55aebad2eef0_0, 0, 6;
    %vpi_func 2 53 "$urandom" 32 {0 0 0};
    %pushi/vec4 65, 0, 32;
    %mod;
    %addi 0, 0, 32;
    %pad/u 6;
    %store/vec4 v0x55aebad2efc0_0, 0, 6;
    %delay 5, 0;
    %vpi_call 2 55 "$fwrite", v0x55aebad2f090_0, "Test = %d", v0x55aebad2f1d0_0 {0 0 0};
    %vpi_call 2 56 "$fwrite", v0x55aebad2f090_0, "\011Alu_Add = %b", v0x55aebad2ead0_0 {0 0 0};
    %vpi_call 2 57 "$fwrite", v0x55aebad2f090_0, "\011Alu_Sub = %b", v0x55aebad2ee00_0 {0 0 0};
    %vpi_call 2 58 "$fwrite", v0x55aebad2f090_0, "\011Alu_Mul = %b", v0x55aebad2eb90_0 {0 0 0};
    %vpi_call 2 59 "$fwrite", v0x55aebad2f090_0, "\011Alu_Pass = %b", v0x55aebad2ed30_0 {0 0 0};
    %vpi_call 2 60 "$fwrite", v0x55aebad2f090_0, "\011Reg1_Out = %d", v0x55aebad2eef0_0 {0 0 0};
    %vpi_call 2 61 "$fwrite", v0x55aebad2f090_0, "\011Reg2_Out = %d", v0x55aebad2efc0_0 {0 0 0};
    %vpi_call 2 62 "$fwrite", v0x55aebad2f090_0, "\011Alu_Out = %d\012\012", v0x55aebad2ec30_0 {0 0 0};
    %pushi/vec4 0, 0, 1;
    %store/vec4 v0x55aebad2ead0_0, 0, 1;
    %pushi/vec4 0, 0, 1;
    %store/vec4 v0x55aebad2ee00_0, 0, 1;
    %pushi/vec4 0, 0, 1;
    %store/vec4 v0x55aebad2eb90_0, 0, 1;
    %pushi/vec4 0, 0, 1;
    %store/vec4 v0x55aebad2ed30_0, 0, 1;
    %load/vec4 v0x55aebad2f1d0_0;
    %addi 1, 0, 32;
    %store/vec4 v0x55aebad2f1d0_0, 0, 32;
    %jmp T_2.0;
T_2.1 ;
    %vpi_call 2 68 "$fclose", v0x55aebad2f090_0 {0 0 0};
    %vpi_call 2 69 "$finish" {0 0 0};
    %vpi_call 2 70 "$stop" {0 0 0};
    %end;
    .thread T_2;
# The file index is used to find the file name in the following table.
:file_names 4;
    "N/A";
    "<interactive>";
    "Testbenches/ALU_tb.v";
    "Modules/ALU.v";
