#! /usr/bin/vvp
:ivl_version "11.0 (stable)";
:ivl_delay_selection "TYPICAL";
:vpi_time_precision + 0;
:vpi_module "/usr/lib/x86_64-linux-gnu/ivl/system.vpi";
:vpi_module "/usr/lib/x86_64-linux-gnu/ivl/vhdl_sys.vpi";
:vpi_module "/usr/lib/x86_64-linux-gnu/ivl/vhdl_textio.vpi";
:vpi_module "/usr/lib/x86_64-linux-gnu/ivl/v2005_math.vpi";
:vpi_module "/usr/lib/x86_64-linux-gnu/ivl/va_math.vpi";
S_0x55bf4ad8b690 .scope module, "IR_tb" "IR_tb" 2 1;
 .timescale 0 0;
v0x55bf4adba050_0 .var "Clk", 0 0;
v0x55bf4adba110_0 .net "Dest_Reg", 5 0, v0x55bf4ad63ba0_0;  1 drivers
v0x55bf4adba1e0_0 .var "IR_Load", 0 0;
v0x55bf4adba2e0_0 .net "Opcode", 2 0, v0x55bf4adb9ba0_0;  1 drivers
v0x55bf4adba3b0_0 .var "Ram_Inst_Out", 20 0;
v0x55bf4adba4a0_0 .net "Source_Reg1", 5 0, v0x55bf4adb9db0_0;  1 drivers
v0x55bf4adba570_0 .net "Source_Reg2", 5 0, v0x55bf4adb9e90_0;  1 drivers
v0x55bf4adba640_0 .var/i "address", 31 0;
v0x55bf4adba6e0_0 .var/i "in_file", 31 0;
v0x55bf4adba7a0_0 .var/i "out_file", 31 0;
S_0x55bf4ad61dc0 .scope module, "instruction_register" "IR" 2 24, 3 1 0, S_0x55bf4ad8b690;
 .timescale 0 0;
    .port_info 0 /INPUT 1 "Clk";
    .port_info 1 /INPUT 1 "IR_Load";
    .port_info 2 /INPUT 21 "Ram_Inst_Out";
    .port_info 3 /OUTPUT 3 "Opcode";
    .port_info 4 /OUTPUT 6 "Source_Reg1";
    .port_info 5 /OUTPUT 6 "Source_Reg2";
    .port_info 6 /OUTPUT 6 "Dest_Reg";
v0x55bf4ad637b0_0 .net "Clk", 0 0, v0x55bf4adba050_0;  1 drivers
v0x55bf4ad63ba0_0 .var "Dest_Reg", 5 0;
v0x55bf4adb9b00_0 .net "IR_Load", 0 0, v0x55bf4adba1e0_0;  1 drivers
v0x55bf4adb9ba0_0 .var "Opcode", 2 0;
v0x55bf4adb9c80_0 .net "Ram_Inst_Out", 20 0, v0x55bf4adba3b0_0;  1 drivers
v0x55bf4adb9db0_0 .var "Source_Reg1", 5 0;
v0x55bf4adb9e90_0 .var "Source_Reg2", 5 0;
E_0x55bf4ad8e260 .event posedge, v0x55bf4ad637b0_0;
    .scope S_0x55bf4ad61dc0;
T_0 ;
    %wait E_0x55bf4ad8e260;
    %load/vec4 v0x55bf4adb9b00_0;
    %flag_set/vec4 8;
    %jmp/0xz  T_0.0, 8;
    %load/vec4 v0x55bf4adb9c80_0;
    %parti/s 3, 18, 6;
    %assign/vec4 v0x55bf4adb9ba0_0, 0;
    %load/vec4 v0x55bf4adb9c80_0;
    %parti/s 6, 12, 5;
    %assign/vec4 v0x55bf4adb9db0_0, 0;
    %load/vec4 v0x55bf4adb9c80_0;
    %parti/s 6, 6, 4;
    %assign/vec4 v0x55bf4adb9e90_0, 0;
    %load/vec4 v0x55bf4adb9c80_0;
    %parti/s 6, 0, 2;
    %assign/vec4 v0x55bf4ad63ba0_0, 0;
    %jmp T_0.1;
T_0.0 ;
    %load/vec4 v0x55bf4adb9ba0_0;
    %assign/vec4 v0x55bf4adb9ba0_0, 0;
    %load/vec4 v0x55bf4adb9db0_0;
    %assign/vec4 v0x55bf4adb9db0_0, 0;
    %load/vec4 v0x55bf4adb9e90_0;
    %assign/vec4 v0x55bf4adb9e90_0, 0;
    %load/vec4 v0x55bf4ad63ba0_0;
    %assign/vec4 v0x55bf4ad63ba0_0, 0;
T_0.1 ;
    %jmp T_0;
    .thread T_0;
    .scope S_0x55bf4ad8b690;
T_1 ;
    %pushi/vec4 1, 0, 1;
    %store/vec4 v0x55bf4adba050_0, 0, 1;
    %pushi/vec4 0, 0, 1;
    %store/vec4 v0x55bf4adba1e0_0, 0, 1;
    %end;
    .thread T_1;
    .scope S_0x55bf4ad8b690;
T_2 ;
    %delay 5, 0;
    %load/vec4 v0x55bf4adba050_0;
    %inv;
    %store/vec4 v0x55bf4adba050_0, 0, 1;
    %jmp T_2;
    .thread T_2;
    .scope S_0x55bf4ad8b690;
T_3 ;
    %vpi_call 2 39 "$dumpfile", "Junk/IR.vcd" {0 0 0};
    %vpi_call 2 40 "$dumpvars", 32'sb00000000000000000000000000000000, S_0x55bf4ad8b690 {0 0 0};
    %vpi_func 2 41 "$fopen" 32, "Testbenches/binary.mac", "r" {0 0 0};
    %store/vec4 v0x55bf4adba6e0_0, 0, 32;
    %vpi_func 2 42 "$fopen" 32, "Results/IR.r", "w" {0 0 0};
    %store/vec4 v0x55bf4adba7a0_0, 0, 32;
    %pushi/vec4 0, 0, 32;
    %store/vec4 v0x55bf4adba640_0, 0, 32;
T_3.0 ;
    %load/vec4 v0x55bf4adba640_0;
    %cmpi/s 64, 0, 32;
    %jmp/0xz T_3.1, 5;
    %delay 10, 0;
    %pushi/vec4 1, 0, 1;
    %store/vec4 v0x55bf4adba1e0_0, 0, 1;
    %vpi_func 2 46 "$urandom" 32 {0 0 0};
    %pushi/vec4 2097152, 0, 32;
    %mod;
    %pad/u 21;
    %store/vec4 v0x55bf4adba3b0_0, 0, 21;
    %delay 10, 0;
    %pushi/vec4 0, 0, 1;
    %store/vec4 v0x55bf4adba1e0_0, 0, 1;
    %vpi_call 2 52 "$fwrite", v0x55bf4adba7a0_0, "Address = %d", v0x55bf4adba640_0 {0 0 0};
    %vpi_call 2 53 "$fwrite", v0x55bf4adba7a0_0, " \011Instruction = %b", v0x55bf4adba3b0_0 {0 0 0};
    %vpi_call 2 54 "$fwrite", v0x55bf4adba7a0_0, " \011Opcode = %b", v0x55bf4adba2e0_0 {0 0 0};
    %vpi_call 2 55 "$fwrite", v0x55bf4adba7a0_0, "\011Source_Reg1 = %b", v0x55bf4adba4a0_0 {0 0 0};
    %vpi_call 2 56 "$fwrite", v0x55bf4adba7a0_0, "\011Source_Reg2 = %b", v0x55bf4adba570_0 {0 0 0};
    %vpi_call 2 57 "$fwrite", v0x55bf4adba7a0_0, "\011Dest_Reg = %b\012\012", v0x55bf4adba110_0 {0 0 0};
    %load/vec4 v0x55bf4adba640_0;
    %addi 1, 0, 32;
    %store/vec4 v0x55bf4adba640_0, 0, 32;
    %jmp T_3.0;
T_3.1 ;
    %delay 1280, 0;
    %vpi_call 2 60 "$fclose", v0x55bf4adba6e0_0 {0 0 0};
    %vpi_call 2 61 "$fclose", v0x55bf4adba7a0_0 {0 0 0};
    %vpi_call 2 62 "$finish" {0 0 0};
    %vpi_call 2 63 "$stop" {0 0 0};
    %end;
    .thread T_3;
# The file index is used to find the file name in the following table.
:file_names 4;
    "N/A";
    "<interactive>";
    "Testbenches/IR_tb.v";
    "Modules/IR.v";
