#! /usr/bin/vvp
:ivl_version "11.0 (stable)";
:ivl_delay_selection "TYPICAL";
:vpi_time_precision + 0;
:vpi_module "/usr/lib/x86_64-linux-gnu/ivl/system.vpi";
:vpi_module "/usr/lib/x86_64-linux-gnu/ivl/vhdl_sys.vpi";
:vpi_module "/usr/lib/x86_64-linux-gnu/ivl/vhdl_textio.vpi";
:vpi_module "/usr/lib/x86_64-linux-gnu/ivl/v2005_math.vpi";
:vpi_module "/usr/lib/x86_64-linux-gnu/ivl/va_math.vpi";
S_0x5574966ad4c0 .scope module, "MUX_tb" "MUX_tb" 2 1;
 .timescale 0 0;
v0x5574966d8030_0 .var "Cond", 0 0;
v0x5574966d80f0_0 .var "False", 5 0;
v0x5574966d81c0_0 .net "Out", 5 0, v0x5574966d7db0_0;  1 drivers
v0x5574966d82c0_0 .var "True", 5 0;
v0x5574966d8390_0 .var/i "file", 31 0;
v0x5574966d8480_0 .var/i "test", 31 0;
S_0x557496686d90 .scope module, "multiplexor" "MUX" 2 20, 3 1 0, S_0x5574966ad4c0;
 .timescale 0 0;
    .port_info 0 /INPUT 6 "True";
    .port_info 1 /INPUT 6 "False";
    .port_info 2 /INPUT 1 "Cond";
    .port_info 3 /OUTPUT 6 "Out";
v0x5574966887b0_0 .net "Cond", 0 0, v0x5574966d8030_0;  1 drivers
v0x557496688ba0_0 .net "False", 5 0, v0x5574966d80f0_0;  1 drivers
v0x5574966d7db0_0 .var "Out", 5 0;
v0x5574966d7ea0_0 .net "True", 5 0, v0x5574966d82c0_0;  1 drivers
E_0x5574966b0920 .event edge, v0x5574966887b0_0, v0x5574966d7ea0_0, v0x557496688ba0_0;
    .scope S_0x557496686d90;
T_0 ;
    %wait E_0x5574966b0920;
    %load/vec4 v0x5574966887b0_0;
    %flag_set/vec4 8;
    %jmp/0 T_0.0, 8;
    %load/vec4 v0x5574966d7ea0_0;
    %jmp/1 T_0.1, 8;
T_0.0 ; End of true expr.
    %load/vec4 v0x557496688ba0_0;
    %jmp/0 T_0.1, 8;
 ; End of false expr.
    %blend;
T_0.1;
    %store/vec4 v0x5574966d7db0_0, 0, 6;
    %jmp T_0;
    .thread T_0, $push;
    .scope S_0x5574966ad4c0;
T_1 ;
    %pushi/vec4 0, 0, 1;
    %store/vec4 v0x5574966d8030_0, 0, 1;
    %pushi/vec4 0, 0, 6;
    %store/vec4 v0x5574966d82c0_0, 0, 6;
    %pushi/vec4 0, 0, 6;
    %store/vec4 v0x5574966d80f0_0, 0, 6;
    %end;
    .thread T_1;
    .scope S_0x5574966ad4c0;
T_2 ;
    %vpi_call 2 30 "$dumpfile", "Junk/MUX.vcd" {0 0 0};
    %vpi_call 2 31 "$dumpvars", 32'sb00000000000000000000000000000000, S_0x5574966ad4c0 {0 0 0};
    %vpi_func 2 32 "$fopen" 32, "Results/MUX.r", "w" {0 0 0};
    %store/vec4 v0x5574966d8390_0, 0, 32;
    %pushi/vec4 0, 0, 32;
    %store/vec4 v0x5574966d8480_0, 0, 32;
T_2.0 ;
    %load/vec4 v0x5574966d8480_0;
    %cmpi/s 64, 0, 32;
    %jmp/0xz T_2.1, 5;
    %vpi_func 2 34 "$urandom" 32 {0 0 0};
    %pushi/vec4 2, 0, 32;
    %mod;
    %pad/u 1;
    %store/vec4 v0x5574966d8030_0, 0, 1;
    %vpi_func 2 35 "$urandom" 32 {0 0 0};
    %pushi/vec4 65, 0, 32;
    %mod;
    %addi 0, 0, 32;
    %pad/u 6;
    %store/vec4 v0x5574966d82c0_0, 0, 6;
    %vpi_func 2 36 "$urandom" 32 {0 0 0};
    %pushi/vec4 65, 0, 32;
    %mod;
    %addi 0, 0, 32;
    %pad/u 6;
    %store/vec4 v0x5574966d80f0_0, 0, 6;
    %delay 5, 0;
    %vpi_call 2 38 "$fwrite", v0x5574966d8390_0, "Test = %d", v0x5574966d8480_0 {0 0 0};
    %vpi_call 2 39 "$fwrite", v0x5574966d8390_0, "\011Cond = %d", v0x5574966d8030_0 {0 0 0};
    %vpi_call 2 40 "$fwrite", v0x5574966d8390_0, "\011True = %d", v0x5574966d82c0_0 {0 0 0};
    %vpi_call 2 41 "$fwrite", v0x5574966d8390_0, "\011False = %d", v0x5574966d80f0_0 {0 0 0};
    %vpi_call 2 42 "$fwrite", v0x5574966d8390_0, "\011Out = %d\012\012", v0x5574966d81c0_0 {0 0 0};
    %load/vec4 v0x5574966d8480_0;
    %addi 1, 0, 32;
    %store/vec4 v0x5574966d8480_0, 0, 32;
    %jmp T_2.0;
T_2.1 ;
    %delay 1280, 0;
    %vpi_call 2 45 "$fclose", v0x5574966d8390_0 {0 0 0};
    %vpi_call 2 46 "$finish" {0 0 0};
    %vpi_call 2 47 "$stop" {0 0 0};
    %end;
    .thread T_2;
# The file index is used to find the file name in the following table.
:file_names 4;
    "N/A";
    "<interactive>";
    "Testbenches/MUX_tb.v";
    "Modules/MUX.v";
